Performing C SOURCE FILE Test CMAKE_HAVE_LIBC_PTHREAD failed with the following output:
Change Dir: /home/x1/catkin_ws/src/Yolact_SLAM_SemanticMap/cmake-build-debug/CMakeFiles/CMakeTmp

Run Build Command(s):/usr/bin/make -f Makefile cmTC_7243d/fast && /usr/bin/make  -f CMakeFiles/cmTC_7243d.dir/build.make CMakeFiles/cmTC_7243d.dir/build
make[1]: Entering directory '/home/x1/catkin_ws/src/Yolact_SLAM_SemanticMap/cmake-build-debug/CMakeFiles/CMakeTmp'
Building C object CMakeFiles/cmTC_7243d.dir/src.c.o
/usr/bin/cc -DCMAKE_HAVE_LIBC_PTHREAD  -Wall  -O3   -o CMakeFiles/cmTC_7243d.dir/src.c.o -c /home/x1/catkin_ws/src/Yolact_SLAM_SemanticMap/cmake-build-debug/CMakeFiles/CMakeTmp/src.c
Linking C executable cmTC_7243d
/home/x1/CLion-2021.2.1/clion-2021.2.1/bin/cmake/linux/bin/cmake -E cmake_link_script CMakeFiles/cmTC_7243d.dir/link.txt --verbose=1
/usr/bin/cc   -Wall  -O3   -rdynamic CMakeFiles/cmTC_7243d.dir/src.c.o -o cmTC_7243d 
CMakeFiles/cmTC_7243d.dir/src.c.o: In function `main':
src.c:(.text.startup+0x23): undefined reference to `pthread_create'
src.c:(.text.startup+0x2c): undefined reference to `pthread_detach'
src.c:(.text.startup+0x35): undefined reference to `pthread_cancel'
src.c:(.text.startup+0x40): undefined reference to `pthread_join'
src.c:(.text.startup+0x4b): undefined reference to `pthread_atfork'
collect2: error: ld returned 1 exit status
CMakeFiles/cmTC_7243d.dir/build.make:98: recipe for target 'cmTC_7243d' failed
make[1]: *** [cmTC_7243d] Error 1
make[1]: Leaving directory '/home/x1/catkin_ws/src/Yolact_SLAM_SemanticMap/cmake-build-debug/CMakeFiles/CMakeTmp'
Makefile:127: recipe for target 'cmTC_7243d/fast' failed
make: *** [cmTC_7243d/fast] Error 2


Source file was:
#include <pthread.h>

static void* test_func(void* data)
{
  return data;
}

int main(void)
{
  pthread_t thread;
  pthread_create(&thread, NULL, test_func, NULL);
  pthread_detach(thread);
  pthread_cancel(thread);
  pthread_join(thread, NULL);
  pthread_atfork(NULL, NULL, NULL);
  pthread_exit(NULL);

  return 0;
}

Determining if the function pthread_create exists in the pthreads failed with the following output:
Change Dir: /home/x1/catkin_ws/src/Yolact_SLAM_SemanticMap/cmake-build-debug/CMakeFiles/CMakeTmp

Run Build Command(s):/usr/bin/make -f Makefile cmTC_9c116/fast && /usr/bin/make  -f CMakeFiles/cmTC_9c116.dir/build.make CMakeFiles/cmTC_9c116.dir/build
make[1]: Entering directory '/home/x1/catkin_ws/src/Yolact_SLAM_SemanticMap/cmake-build-debug/CMakeFiles/CMakeTmp'
Building C object CMakeFiles/cmTC_9c116.dir/CheckFunctionExists.c.o
/usr/bin/cc   -Wall  -O3  -DCHECK_FUNCTION_EXISTS=pthread_create -o CMakeFiles/cmTC_9c116.dir/CheckFunctionExists.c.o -c /home/x1/CLion-2021.2.1/clion-2021.2.1/bin/cmake/linux/share/cmake-3.20/Modules/CheckFunctionExists.c
Linking C executable cmTC_9c116
/home/x1/CLion-2021.2.1/clion-2021.2.1/bin/cmake/linux/bin/cmake -E cmake_link_script CMakeFiles/cmTC_9c116.dir/link.txt --verbose=1
/usr/bin/cc   -Wall  -O3  -DCHECK_FUNCTION_EXISTS=pthread_create -rdynamic CMakeFiles/cmTC_9c116.dir/CheckFunctionExists.c.o -o cmTC_9c116  -lpthreads 
/usr/bin/ld: cannot find -lpthreads
collect2: error: ld returned 1 exit status
CMakeFiles/cmTC_9c116.dir/build.make:98: recipe for target 'cmTC_9c116' failed
make[1]: *** [cmTC_9c116] Error 1
make[1]: Leaving directory '/home/x1/catkin_ws/src/Yolact_SLAM_SemanticMap/cmake-build-debug/CMakeFiles/CMakeTmp'
Makefile:127: recipe for target 'cmTC_9c116/fast' failed
make: *** [cmTC_9c116/fast] Error 2



